{"name":"Открытие страницы Google и поиск","status":"broken","statusDetails":{"known":false,"muted":false,"flaky":false,"message":"Could not convert arguments for step [^Ввести  в поле поиска$] defined at 'steps.MyStepdefs.ввестиВПолеПоиска(TestKeys>) in file:/C:/IDEAProjects/Sample/target/test-classes/'.\nIt appears you did not register a data table type. The details are in the stacktrace below.","trace":"cucumber.runtime.CucumberException: Could not convert arguments for step [^Ввести  в поле поиска$] defined at 'steps.MyStepdefs.ввестиВПолеПоиска(TestKeys>) in file:/C:/IDEAProjects/Sample/target/test-classes/'.\nIt appears you did not register a data table type. The details are in the stacktrace below.\r\n\tat cucumber.runner.PickleStepDefinitionMatch.registerTypeInConfiguration(PickleStepDefinitionMatch.java:59)\r\n\tat cucumber.runner.PickleStepDefinitionMatch.runStep(PickleStepDefinitionMatch.java:44)\r\n\tat cucumber.runner.TestStep.executeStep(TestStep.java:65)\r\n\tat cucumber.runner.TestStep.run(TestStep.java:50)\r\n\tat cucumber.runner.PickleStepTestStep.run(PickleStepTestStep.java:43)\r\n\tat cucumber.runner.TestCase.run(TestCase.java:46)\r\n\tat cucumber.runner.Runner.runPickle(Runner.java:50)\r\n\tat io.cucumber.junit.PickleRunners$NoStepDescriptions.run(PickleRunners.java:146)\r\n\tat io.cucumber.junit.FeatureRunner.runChild(FeatureRunner.java:68)\r\n\tat io.cucumber.junit.FeatureRunner.runChild(FeatureRunner.java:23)\r\n\tat org.junit.runners.ParentRunner$3.run(ParentRunner.java:290)\r\n\tat org.junit.runners.ParentRunner$1.schedule(ParentRunner.java:71)\r\n\tat org.junit.runners.ParentRunner.runChildren(ParentRunner.java:288)\r\n\tat org.junit.runners.ParentRunner.access$000(ParentRunner.java:58)\r\n\tat org.junit.runners.ParentRunner$2.evaluate(ParentRunner.java:268)\r\n\tat org.junit.runners.ParentRunner.run(ParentRunner.java:363)\r\n\tat io.cucumber.junit.Cucumber.runChild(Cucumber.java:144)\r\n\tat io.cucumber.junit.Cucumber.runChild(Cucumber.java:65)\r\n\tat org.junit.runners.ParentRunner$3.run(ParentRunner.java:290)\r\n\tat org.junit.runners.ParentRunner$1.schedule(ParentRunner.java:71)\r\n\tat org.junit.runners.ParentRunner.runChildren(ParentRunner.java:288)\r\n\tat org.junit.runners.ParentRunner.access$000(ParentRunner.java:58)\r\n\tat org.junit.runners.ParentRunner$2.evaluate(ParentRunner.java:268)\r\n\tat io.cucumber.junit.Cucumber$RunCucumber.evaluate(Cucumber.java:174)\r\n\tat org.junit.internal.runners.statements.RunBefores.evaluate(RunBefores.java:26)\r\n\tat org.junit.internal.runners.statements.RunAfters.evaluate(RunAfters.java:27)\r\n\tat org.junit.runners.ParentRunner.run(ParentRunner.java:363)\r\n\tat org.apache.maven.surefire.junit4.JUnit4Provider.execute(JUnit4Provider.java:364)\r\n\tat org.apache.maven.surefire.junit4.JUnit4Provider.executeWithRerun(JUnit4Provider.java:272)\r\n\tat org.apache.maven.surefire.junit4.JUnit4Provider.executeTestSet(JUnit4Provider.java:237)\r\n\tat org.apache.maven.surefire.junit4.JUnit4Provider.invoke(JUnit4Provider.java:158)\r\n\tat org.apache.maven.surefire.booter.ForkedBooter.runSuitesInProcess(ForkedBooter.java:428)\r\n\tat org.apache.maven.surefire.booter.ForkedBooter.execute(ForkedBooter.java:162)\r\n\tat org.apache.maven.surefire.booter.ForkedBooter.run(ForkedBooter.java:562)\r\n\tat org.apache.maven.surefire.booter.ForkedBooter.main(ForkedBooter.java:548)\r\nCaused by: io.cucumber.datatable.UndefinedDataTableTypeException: Can't convert DataTable to List<steps.TestKeys>.\nYou can register a DataTableType using DataTableType.entry(steps.TestKeys.class).\nFor more control you can define your own DataTableType with a TableEntryTransformer or TableRowTransformer for steps.TestKeys.\n\r\n\tat io.cucumber.datatable.UndefinedDataTableTypeException.listNoConverterDefined(UndefinedDataTableTypeException.java:42)\r\n\tat io.cucumber.datatable.DataTableTypeRegistryTableConverter.toList(DataTableTypeRegistryTableConverter.java:131)\r\n\tat io.cucumber.datatable.DataTableTypeRegistryTableConverter.convert(DataTableTypeRegistryTableConverter.java:96)\r\n\tat io.cucumber.datatable.DataTable.convert(DataTable.java:362)\r\n\tat io.cucumber.stepexpression.StepExpressionFactory$3.transform(StepExpressionFactory.java:73)\r\n\tat io.cucumber.stepexpression.DataTableArgument.getValue(DataTableArgument.java:19)\r\n\tat cucumber.runner.PickleStepDefinitionMatch.runStep(PickleStepDefinitionMatch.java:41)\r\n\t... 33 more\r\n"},"stage":"finished","steps":[{"name":"Если  Открыть главную страницу Google Поиска","status":"passed","statusDetails":{"known":false,"muted":false,"flaky":false},"stage":"finished","steps":[{"name":"$(\"open\") https://google.com","status":"passed","stage":"finished","steps":[],"attachments":[],"parameters":[],"start":1640116762468,"stop":1640116774512}],"attachments":[],"parameters":[],"start":1640116762451,"stop":1640116774518},{"name":"То  Ввести  в поле поиска","status":"broken","statusDetails":{"known":false,"muted":false,"flaky":false,"message":"Could not convert arguments for step [^Ввести  в поле поиска$] defined at 'steps.MyStepdefs.ввестиВПолеПоиска(TestKeys>) in file:/C:/IDEAProjects/Sample/target/test-classes/'.\nIt appears you did not register a data table type. The details are in the stacktrace below.","trace":"cucumber.runtime.CucumberException: Could not convert arguments for step [^Ввести  в поле поиска$] defined at 'steps.MyStepdefs.ввестиВПолеПоиска(TestKeys>) in file:/C:/IDEAProjects/Sample/target/test-classes/'.\nIt appears you did not register a data table type. The details are in the stacktrace below.\r\n\tat cucumber.runner.PickleStepDefinitionMatch.registerTypeInConfiguration(PickleStepDefinitionMatch.java:59)\r\n\tat cucumber.runner.PickleStepDefinitionMatch.runStep(PickleStepDefinitionMatch.java:44)\r\n\tat cucumber.runner.TestStep.executeStep(TestStep.java:65)\r\n\tat cucumber.runner.TestStep.run(TestStep.java:50)\r\n\tat cucumber.runner.PickleStepTestStep.run(PickleStepTestStep.java:43)\r\n\tat cucumber.runner.TestCase.run(TestCase.java:46)\r\n\tat cucumber.runner.Runner.runPickle(Runner.java:50)\r\n\tat io.cucumber.junit.PickleRunners$NoStepDescriptions.run(PickleRunners.java:146)\r\n\tat io.cucumber.junit.FeatureRunner.runChild(FeatureRunner.java:68)\r\n\tat io.cucumber.junit.FeatureRunner.runChild(FeatureRunner.java:23)\r\n\tat org.junit.runners.ParentRunner$3.run(ParentRunner.java:290)\r\n\tat org.junit.runners.ParentRunner$1.schedule(ParentRunner.java:71)\r\n\tat org.junit.runners.ParentRunner.runChildren(ParentRunner.java:288)\r\n\tat org.junit.runners.ParentRunner.access$000(ParentRunner.java:58)\r\n\tat org.junit.runners.ParentRunner$2.evaluate(ParentRunner.java:268)\r\n\tat org.junit.runners.ParentRunner.run(ParentRunner.java:363)\r\n\tat io.cucumber.junit.Cucumber.runChild(Cucumber.java:144)\r\n\tat io.cucumber.junit.Cucumber.runChild(Cucumber.java:65)\r\n\tat org.junit.runners.ParentRunner$3.run(ParentRunner.java:290)\r\n\tat org.junit.runners.ParentRunner$1.schedule(ParentRunner.java:71)\r\n\tat org.junit.runners.ParentRunner.runChildren(ParentRunner.java:288)\r\n\tat org.junit.runners.ParentRunner.access$000(ParentRunner.java:58)\r\n\tat org.junit.runners.ParentRunner$2.evaluate(ParentRunner.java:268)\r\n\tat io.cucumber.junit.Cucumber$RunCucumber.evaluate(Cucumber.java:174)\r\n\tat org.junit.internal.runners.statements.RunBefores.evaluate(RunBefores.java:26)\r\n\tat org.junit.internal.runners.statements.RunAfters.evaluate(RunAfters.java:27)\r\n\tat org.junit.runners.ParentRunner.run(ParentRunner.java:363)\r\n\tat org.apache.maven.surefire.junit4.JUnit4Provider.execute(JUnit4Provider.java:364)\r\n\tat org.apache.maven.surefire.junit4.JUnit4Provider.executeWithRerun(JUnit4Provider.java:272)\r\n\tat org.apache.maven.surefire.junit4.JUnit4Provider.executeTestSet(JUnit4Provider.java:237)\r\n\tat org.apache.maven.surefire.junit4.JUnit4Provider.invoke(JUnit4Provider.java:158)\r\n\tat org.apache.maven.surefire.booter.ForkedBooter.runSuitesInProcess(ForkedBooter.java:428)\r\n\tat org.apache.maven.surefire.booter.ForkedBooter.execute(ForkedBooter.java:162)\r\n\tat org.apache.maven.surefire.booter.ForkedBooter.run(ForkedBooter.java:562)\r\n\tat org.apache.maven.surefire.booter.ForkedBooter.main(ForkedBooter.java:548)\r\nCaused by: io.cucumber.datatable.UndefinedDataTableTypeException: Can't convert DataTable to List<steps.TestKeys>.\nYou can register a DataTableType using DataTableType.entry(steps.TestKeys.class).\nFor more control you can define your own DataTableType with a TableEntryTransformer or TableRowTransformer for steps.TestKeys.\n\r\n\tat io.cucumber.datatable.UndefinedDataTableTypeException.listNoConverterDefined(UndefinedDataTableTypeException.java:42)\r\n\tat io.cucumber.datatable.DataTableTypeRegistryTableConverter.toList(DataTableTypeRegistryTableConverter.java:131)\r\n\tat io.cucumber.datatable.DataTableTypeRegistryTableConverter.convert(DataTableTypeRegistryTableConverter.java:96)\r\n\tat io.cucumber.datatable.DataTable.convert(DataTable.java:362)\r\n\tat io.cucumber.stepexpression.StepExpressionFactory$3.transform(StepExpressionFactory.java:73)\r\n\tat io.cucumber.stepexpression.DataTableArgument.getValue(DataTableArgument.java:19)\r\n\tat cucumber.runner.PickleStepDefinitionMatch.runStep(PickleStepDefinitionMatch.java:41)\r\n\t... 33 more\r\n"},"stage":"finished","steps":[],"attachments":[{"name":"Data table","source":"51e7ad7d-81a4-4173-90a1-3cd3e8b53571-attachment.csv","type":"text/tab-separated-values"}],"parameters":[],"start":1640116774518,"stop":1640116774530}],"attachments":[],"parameters":[],"start":1640116762448,"stop":1640116774537,"uuid":"fa1df52f-8411-4e87-92bb-07447cfc4620","historyId":"aef34cd4271b59f282b73280e89033f4","fullName":"Первые тесты: Открытие страницы Google и поиск","labels":[{"name":"tag","value":"test"},{"name":"host","value":"DESKTOP-BAUK623"},{"name":"thread","value":"23048@DESKTOP-BAUK623.main(1)"},{"name":"feature","value":"Первые тесты"},{"name":"story","value":"Открытие страницы Google и поиск"},{"name":"suite","value":"Первые тесты"},{"name":"testClass","value":"Открытие страницы Google и поиск"},{"name":"framework","value":"cucumber4jvm"},{"name":"language","value":"java"},{"name":"gherkin_uri","value":"file:src/test/java/features/dataTableExample.feature"},{"name":"package","value":"src.test.java.features.dataTableExample_feature.Первые тесты"}],"links":[]}