-------------------------------------------------------------------------------
Test set: features.RunTest
-------------------------------------------------------------------------------
Tests run: 2, Failures: 1, Errors: 0, Skipped: 0, Time elapsed: 9.433 s <<< FAILURE! - in features.RunTest
Первые тесты.Открытие страницы Google и поиск  Time elapsed: 6.697 s  <<< FAILURE!
com.codeborne.selenide.ex.ListSizeMismatch: 
List size mismatch: expected: > 0, actual: 0, collection: By.xpath: //div[@class='g']
Elements: []
Screenshot: file:/C:/Users/neuro/IdeaProjects/AutottestsSample/target/allure-results/1666092743755.0.png
Page source: file:/C:/Users/neuro/IdeaProjects/AutottestsSample/target/allure-results/1666092743755.0.html
Timeout: 4 s.

