<?xml version="1.0" encoding="UTF-8"?>
<testsuite xmlns:xsi="http://www.w3.org/2001/XMLSchema-instance" xsi:noNamespaceSchemaLocation="https://maven.apache.org/surefire/maven-surefire-plugin/xsd/surefire-test-report-3.0.xsd" version="3.0" name="features.RunTest" time="10.176" tests="1" errors="0" skipped="0" failures="1">
  <properties>
[...]
</properties>
  <testcase name="Desktop2" classname="Simple tests" time="9.23">
    <failure message="Element not found {By.xpath: //*[contains(@class, &apos;input__control &apos;)]}&#10;Expected: exist&#10;Screenshot: file:/C:/Users/neuro/IdeaProjects/AutottestsSample/target/allure-results/1665409614981.0.png&#10;Page source: file:/C:/Users/neuro/IdeaProjects/AutottestsSample/target/allure-results/1665409614981.0.html&#10;Timeout: 4 s.&#10;Caused by: NoSuchElementException: no such element: Unable to locate element: {&quot;method&quot;:&quot;xpath&quot;,&quot;selector&quot;:&quot;//*[contains(@class, &apos;input__control &apos;)]&quot;}" type="com.codeborne.selenide.ex.ElementNotFound"><![CDATA[com.codeborne.selenide.ex.ElementNotFound: 
Element not found {By.xpath: //*[contains(@class, 'input__control ')]}
Expected: exist
Screenshot: file:/C:/Users/neuro/IdeaProjects/AutottestsSample/target/allure-results/1665409614981.0.png
Page source: file:/C:/Users/neuro/IdeaProjects/AutottestsSample/target/allure-results/1665409614981.0.html
Timeout: 4 s.
Caused by: NoSuchElementException: no such element: Unable to locate element: {"method":"xpath","selector":"//*[contains(@class, 'input__control ')]"}
Caused by: org.openqa.selenium.NoSuchElementException: 
no such element: Unable to locate element: {"method":"xpath","selector":"//*[contains(@class, 'input__control ')]"}
  (Session info: chrome=105.0.5195.127)
For documentation on this error, please visit: https://www.seleniumhq.org/exceptions/no_such_element.html
Build info: version: '3.141.59', revision: 'e82be7d358', time: '2018-11-14T08:17:03'
System info: host: 'LAPTOP-HD22QLD6', ip: '192.168.10.189', os.name: 'Windows 11', os.arch: 'amd64', os.version: '10.0', java.version: '18.0.2'
Driver info: org.openqa.selenium.chrome.ChromeDriver
Capabilities {acceptInsecureCerts: true, browserName: chrome, browserVersion: 105.0.5195.127, chrome: {chromedriverVersion: 104.0.5112.79 (3cf3e8c8a07d..., userDataDir: C:\Users\neuro\AppData\Loca...}, goog:chromeOptions: {debuggerAddress: localhost:52670}, javascriptEnabled: true, networkConnectionEnabled: false, pageLoadStrategy: normal, platform: WINDOWS, platformName: WINDOWS, proxy: Proxy(), setWindowRect: true, strictFileInteractability: false, timeouts: {implicit: 0, pageLoad: 300000, script: 30000}, unhandledPromptBehavior: dismiss and notify, webauthn:extension:credBlob: true, webauthn:extension:largeBlob: true, webauthn:virtualAuthenticators: true}
Session ID: 4d73c0bc4093ce5d745520e1ebb40b66
*** Element info: {Using=xpath, value=//*[contains(@class, 'input__control ')]}
]]></failure>
    <system-err><![CDATA[[main] INFO io.github.bonigarcia.wdm.WebDriverManager - Using chromedriver 104.0.5112.79 (resolved driver for Chrome 104)
[main] INFO io.github.bonigarcia.wdm.WebDriverManager - Exporting webdriver.chrome.driver as C:\Users\neuro\.cache\selenium\chromedriver\win32\104.0.5112.79\chromedriver.exe
[main] INFO com.codeborne.selenide.impl.WebDriverThreadLocalContainer - No webdriver is bound to current thread: 1 - let's create a new webdriver
[main] INFO com.codeborne.selenide.impl.FileHelper - Creating folder: C:\Users\neuro\IdeaProjects\AutottestsSample\build\downloads\1665409607263_25540_1
[main] INFO com.codeborne.selenide.webdriver.AbstractDriverFactory - Write webdriver logs to: C:\Users\neuro\IdeaProjects\AutottestsSample\target\allure-results\webdriver.1665409607299_25540_1.log
Starting ChromeDriver 104.0.5112.79 (3cf3e8c8a07d104b9e1260c910efb8f383285dc5-refs/branch-heads/5112@{#1307}) on port 37621
Only local connections are allowed.
Please see https://chromedriver.chromium.org/security-considerations for suggestions on keeping ChromeDriver safe.
ChromeDriver was started successfully.
окт. 10, 2022 4:46:48 PM org.openqa.selenium.remote.ProtocolHandshake createSession
INFO: Detected dialect: W3C
[main] INFO com.codeborne.selenide.webdriver.WebDriverFactory - BrowserName=chrome Version=105.0.5195.127 Platform=WINDOWS
[main] INFO com.codeborne.selenide.webdriver.WebDriverFactory - Selenide v. 5.15.1
[main] INFO com.codeborne.selenide.webdriver.WebDriverFactory - Selenium WebDriver v. 3.141.59 build time: 2018-11-14T08:17:03
[main] INFO com.codeborne.selenide.drivercommands.CreateDriverCommand - Create webdriver in current thread 1: ChromeDriver -> ChromeDriver: chrome on WINDOWS (4d73c0bc4093ce5d745520e1ebb40b66)
]]></system-err>
  </testcase>
</testsuite>