<?xml version="1.0" encoding="UTF-8"?>
<testsuite xmlns:xsi="http://www.w3.org/2001/XMLSchema-instance" xsi:noNamespaceSchemaLocation="https://maven.apache.org/surefire/maven-surefire-plugin/xsd/surefire-test-report-3.0.xsd" version="3.0" name="features.RunTest" time="21.712" tests="2" errors="0" skipped="0" failures="1">
  <properties>
[...]
</properties>
  <testcase name="Desktop" classname="First test" time="13.122">
    <system-err><![CDATA[[main] INFO io.github.bonigarcia.wdm.WebDriverManager - Using chromedriver 86.0.4240.22 (resolved driver for Chrome 86)
[main] INFO io.github.bonigarcia.wdm.WebDriverManager - Exporting webdriver.chrome.driver as C:\Users\Сергей\.cache\selenium\chromedriver\win32\86.0.4240.22\chromedriver.exe
[main] INFO com.codeborne.selenide.impl.WebDriverThreadLocalContainer - No webdriver is bound to current thread: 1 - let's create a new webdriver
[main] INFO com.codeborne.selenide.impl.FileHelper - Creating folder: d:\AutottestsSample1\build\downloads\1606471662768_24332_1
[main] INFO com.codeborne.selenide.impl.FileHelper - Creating folder: d:\AutottestsSample1\target\allure-results
[main] INFO com.codeborne.selenide.webdriver.AbstractDriverFactory - Write webdriver logs to: d:\AutottestsSample1\target\allure-results\webdriver.1606471662807_24332_1.log
Starting ChromeDriver 86.0.4240.22 (398b0743353ff36fb1b82468f63a3a93b4e2e89e-refs/branch-heads/4240@{#378}) on port 48193
Only local connections are allowed.
Please see https://chromedriver.chromium.org/security-considerations for suggestions on keeping ChromeDriver safe.
ChromeDriver was started successfully.
ноя 27, 2020 1:07:48 PM org.openqa.selenium.remote.ProtocolHandshake createSession
INFO: Detected dialect: W3C
[main] INFO com.codeborne.selenide.webdriver.WebDriverFactory - BrowserName=chrome Version=87.0.4280.66 Platform=WINDOWS
[main] INFO com.codeborne.selenide.webdriver.WebDriverFactory - Selenide v. 5.15.1
[main] INFO com.codeborne.selenide.webdriver.WebDriverFactory - Selenium WebDriver v. 3.141.59 build time: 2018-11-14T08:17:03
[main] INFO com.codeborne.selenide.drivercommands.CreateDriverCommand - Create webdriver in current thread 1: ChromeDriver -> ChromeDriver: chrome on WINDOWS (cd8be2ec8fdb3b975b261c7949c812d9)
]]></system-err>
  </testcase>
  <testcase name="Desktop2" classname="First test" time="6.717">
    <failure message="List size mismatch: expected: &gt; 0, actual: 0, collection: By.xpath: //li[@class=&apos;serp-item&apos;]&#10;Elements: []&#10;Screenshot: file:/d:/AutottestsSample1/target/allure-results/1606471681634.0.png&#10;Page source: file:/d:/AutottestsSample1/target/allure-results/1606471681634.0.html&#10;Timeout: 4 s." type="com.codeborne.selenide.ex.ListSizeMismatch"><![CDATA[com.codeborne.selenide.ex.ListSizeMismatch: 
List size mismatch: expected: > 0, actual: 0, collection: By.xpath: //li[@class='serp-item']
Elements: []
Screenshot: file:/d:/AutottestsSample1/target/allure-results/1606471681634.0.png
Page source: file:/d:/AutottestsSample1/target/allure-results/1606471681634.0.html
Timeout: 4 s.
]]></failure>
  </testcase>
</testsuite>